CRITICAL - 2023-11-18 09:35:04 --> unlink(C:\xampp\htdocs\gis-flora-fauna\writable\debugbar/debugbar_1700298428.986087.json): No such file or directory
in SYSTEMPATH\Debug\Toolbar\Collectors\History.php on line 78.
 1 [internal function]: CodeIgniter\Debug\Exceptions->errorHandler(2, 'unlink(C:\\xampp\\htdocs\\gis-flora-fauna\\writable\\debugbar/debugbar_1700298428.986087.json): No such file or directory', 'C:\\xampp\\htdocs\\gis-flora-fauna\\system\\Debug\\Toolbar\\Collectors\\History.php', 78)
 2 SYSTEMPATH\Debug\Toolbar\Collectors\History.php(78): unlink('C:\\xampp\\htdocs\\gis-flora-fauna\\writable\\debugbar/debugbar_1700298428.986087.json')
 3 SYSTEMPATH\Debug\Toolbar.php(499): CodeIgniter\Debug\Toolbar\Collectors\History->setFiles('1700300102.440352', 20)
 4 SYSTEMPATH\Debug\Toolbar.php(476): CodeIgniter\Debug\Toolbar->format([...], 'html')
 5 APPPATH\Config\Events.php(47): CodeIgniter\Debug\Toolbar->respond()
 6 SYSTEMPATH\Events\Events.php(152): CodeIgniter\Events\Events::Config\{closure}()
 7 SYSTEMPATH\CodeIgniter.php(434): CodeIgniter\Events\Events::trigger('pre_system')
 8 SYSTEMPATH\CodeIgniter.php(353): CodeIgniter\CodeIgniter->handleRequest(null, Object(Config\Cache), false)
 9 FCPATH\index.php(79): CodeIgniter\CodeIgniter->run()
CRITICAL - 2023-11-18 09:35:04 --> unlink(C:\xampp\htdocs\gis-flora-fauna\writable\debugbar/debugbar_1700298428.986087.json): No such file or directory
in SYSTEMPATH\Debug\Toolbar\Collectors\History.php on line 78.
 1 [internal function]: CodeIgniter\Debug\Exceptions->errorHandler(2, 'unlink(C:\\xampp\\htdocs\\gis-flora-fauna\\writable\\debugbar/debugbar_1700298428.986087.json): No such file or directory', 'C:\\xampp\\htdocs\\gis-flora-fauna\\system\\Debug\\Toolbar\\Collectors\\History.php', 78)
 2 SYSTEMPATH\Debug\Toolbar\Collectors\History.php(78): unlink('C:\\xampp\\htdocs\\gis-flora-fauna\\writable\\debugbar/debugbar_1700298428.986087.json')
 3 SYSTEMPATH\Debug\Toolbar.php(499): CodeIgniter\Debug\Toolbar\Collectors\History->setFiles('1700300103.349899', 20)
 4 SYSTEMPATH\Debug\Toolbar.php(476): CodeIgniter\Debug\Toolbar->format([...], 'html')
 5 APPPATH\Config\Events.php(47): CodeIgniter\Debug\Toolbar->respond()
 6 SYSTEMPATH\Events\Events.php(152): CodeIgniter\Events\Events::Config\{closure}()
 7 SYSTEMPATH\CodeIgniter.php(434): CodeIgniter\Events\Events::trigger('pre_system')
 8 SYSTEMPATH\CodeIgniter.php(353): CodeIgniter\CodeIgniter->handleRequest(null, Object(Config\Cache), false)
 9 FCPATH\index.php(79): CodeIgniter\CodeIgniter->run()
CRITICAL - 2023-11-18 11:40:41 --> Undefined variable $menu
in APPPATH\Views\template\sidebar.php on line 27.
 1 APPPATH\Views\template\sidebar.php(27): CodeIgniter\Debug\Exceptions->errorHandler(2, 'Undefined variable $menu', 'C:\\xampp\\htdocs\\gis-flora-fauna\\app\\Views\\template\\sidebar.php', 27)
 2 SYSTEMPATH\View\View.php(226): include('C:\\xampp\\htdocs\\gis-flora-fauna\\app\\Views\\template\\sidebar.php')
 3 SYSTEMPATH\View\View.php(229): CodeIgniter\View\View->CodeIgniter\View\{closure}()
 4 SYSTEMPATH\View\View.php(467): CodeIgniter\View\View->render('template/sidebar', null, true)
 5 APPPATH\Views\template\index.php(56): CodeIgniter\View\View->include('template/sidebar')
 6 SYSTEMPATH\View\View.php(226): include('C:\\xampp\\htdocs\\gis-flora-fauna\\app\\Views\\template\\index.php')
 7 SYSTEMPATH\View\View.php(229): CodeIgniter\View\View->CodeIgniter\View\{closure}()
 8 SYSTEMPATH\View\View.php(242): CodeIgniter\View\View->render('template/index', [], true)
 9 SYSTEMPATH\Common.php(1188): CodeIgniter\View\View->render('v_flora', [], true)
10 APPPATH\Controllers\Flora.php(12): view('v_flora', [...])
11 SYSTEMPATH\CodeIgniter.php(919): App\Controllers\Flora->index()
12 SYSTEMPATH\CodeIgniter.php(494): CodeIgniter\CodeIgniter->runController(Object(App\Controllers\Flora))
13 SYSTEMPATH\CodeIgniter.php(353): CodeIgniter\CodeIgniter->handleRequest(null, Object(Config\Cache), false)
14 FCPATH\index.php(79): CodeIgniter\CodeIgniter->run()
CRITICAL - 2023-11-18 11:50:38 --> Undefined variable $menu
in APPPATH\Views\template\sidebar.php on line 27.
 1 APPPATH\Views\template\sidebar.php(27): CodeIgniter\Debug\Exceptions->errorHandler(2, 'Undefined variable $menu', 'C:\\xampp\\htdocs\\gis-flora-fauna\\app\\Views\\template\\sidebar.php', 27)
 2 SYSTEMPATH\View\View.php(226): include('C:\\xampp\\htdocs\\gis-flora-fauna\\app\\Views\\template\\sidebar.php')
 3 SYSTEMPATH\View\View.php(229): CodeIgniter\View\View->CodeIgniter\View\{closure}()
 4 SYSTEMPATH\View\View.php(467): CodeIgniter\View\View->render('template/sidebar', null, true)
 5 APPPATH\Views\template\index.php(58): CodeIgniter\View\View->include('template/sidebar')
 6 SYSTEMPATH\View\View.php(226): include('C:\\xampp\\htdocs\\gis-flora-fauna\\app\\Views\\template\\index.php')
 7 SYSTEMPATH\View\View.php(229): CodeIgniter\View\View->CodeIgniter\View\{closure}()
 8 SYSTEMPATH\View\View.php(242): CodeIgniter\View\View->render('template/index', [], true)
 9 SYSTEMPATH\Common.php(1188): CodeIgniter\View\View->render('v_dashboard', [], true)
10 APPPATH\Controllers\Home.php(12): view('v_dashboard', [...])
11 SYSTEMPATH\CodeIgniter.php(919): App\Controllers\Home->index()
12 SYSTEMPATH\CodeIgniter.php(494): CodeIgniter\CodeIgniter->runController(Object(App\Controllers\Home))
13 SYSTEMPATH\CodeIgniter.php(353): CodeIgniter\CodeIgniter->handleRequest(null, Object(Config\Cache), false)
14 FCPATH\index.php(79): CodeIgniter\CodeIgniter->run()
CRITICAL - 2023-11-18 11:50:47 --> Undefined variable $menu
in APPPATH\Views\template\sidebar.php on line 27.
 1 APPPATH\Views\template\sidebar.php(27): CodeIgniter\Debug\Exceptions->errorHandler(2, 'Undefined variable $menu', 'C:\\xampp\\htdocs\\gis-flora-fauna\\app\\Views\\template\\sidebar.php', 27)
 2 SYSTEMPATH\View\View.php(226): include('C:\\xampp\\htdocs\\gis-flora-fauna\\app\\Views\\template\\sidebar.php')
 3 SYSTEMPATH\View\View.php(229): CodeIgniter\View\View->CodeIgniter\View\{closure}()
 4 SYSTEMPATH\View\View.php(467): CodeIgniter\View\View->render('template/sidebar', null, true)
 5 APPPATH\Views\template\index.php(58): CodeIgniter\View\View->include('template/sidebar')
 6 SYSTEMPATH\View\View.php(226): include('C:\\xampp\\htdocs\\gis-flora-fauna\\app\\Views\\template\\index.php')
 7 SYSTEMPATH\View\View.php(229): CodeIgniter\View\View->CodeIgniter\View\{closure}()
 8 SYSTEMPATH\View\View.php(242): CodeIgniter\View\View->render('template/index', [], true)
 9 SYSTEMPATH\Common.php(1188): CodeIgniter\View\View->render('v_dashboard', [], true)
10 APPPATH\Controllers\Home.php(12): view('v_dashboard', [...])
11 SYSTEMPATH\CodeIgniter.php(919): App\Controllers\Home->index()
12 SYSTEMPATH\CodeIgniter.php(494): CodeIgniter\CodeIgniter->runController(Object(App\Controllers\Home))
13 SYSTEMPATH\CodeIgniter.php(353): CodeIgniter\CodeIgniter->handleRequest(null, Object(Config\Cache), false)
14 FCPATH\index.php(79): CodeIgniter\CodeIgniter->run()
CRITICAL - 2023-11-18 11:51:08 --> Undefined variable $menu
in APPPATH\Views\template\sidebar.php on line 27.
 1 APPPATH\Views\template\sidebar.php(27): CodeIgniter\Debug\Exceptions->errorHandler(2, 'Undefined variable $menu', 'C:\\xampp\\htdocs\\gis-flora-fauna\\app\\Views\\template\\sidebar.php', 27)
 2 SYSTEMPATH\View\View.php(226): include('C:\\xampp\\htdocs\\gis-flora-fauna\\app\\Views\\template\\sidebar.php')
 3 SYSTEMPATH\View\View.php(229): CodeIgniter\View\View->CodeIgniter\View\{closure}()
 4 SYSTEMPATH\View\View.php(467): CodeIgniter\View\View->render('template/sidebar', null, true)
 5 APPPATH\Views\template\index.php(58): CodeIgniter\View\View->include('template/sidebar')
 6 SYSTEMPATH\View\View.php(226): include('C:\\xampp\\htdocs\\gis-flora-fauna\\app\\Views\\template\\index.php')
 7 SYSTEMPATH\View\View.php(229): CodeIgniter\View\View->CodeIgniter\View\{closure}()
 8 SYSTEMPATH\View\View.php(242): CodeIgniter\View\View->render('template/index', [], true)
 9 SYSTEMPATH\Common.php(1188): CodeIgniter\View\View->render('v_dashboard', [], true)
10 APPPATH\Controllers\Home.php(12): view('v_dashboard', [...])
11 SYSTEMPATH\CodeIgniter.php(919): App\Controllers\Home->index()
12 SYSTEMPATH\CodeIgniter.php(494): CodeIgniter\CodeIgniter->runController(Object(App\Controllers\Home))
13 SYSTEMPATH\CodeIgniter.php(353): CodeIgniter\CodeIgniter->handleRequest(null, Object(Config\Cache), false)
14 FCPATH\index.php(79): CodeIgniter\CodeIgniter->run()
CRITICAL - 2023-11-18 11:52:24 --> Undefined variable $menu
in APPPATH\Views\template\sidebar.php on line 27.
 1 APPPATH\Views\template\sidebar.php(27): CodeIgniter\Debug\Exceptions->errorHandler(2, 'Undefined variable $menu', 'C:\\xampp\\htdocs\\gis-flora-fauna\\app\\Views\\template\\sidebar.php', 27)
 2 SYSTEMPATH\View\View.php(226): include('C:\\xampp\\htdocs\\gis-flora-fauna\\app\\Views\\template\\sidebar.php')
 3 SYSTEMPATH\View\View.php(229): CodeIgniter\View\View->CodeIgniter\View\{closure}()
 4 SYSTEMPATH\View\View.php(467): CodeIgniter\View\View->render('template/sidebar', null, true)
 5 APPPATH\Views\template\index.php(58): CodeIgniter\View\View->include('template/sidebar')
 6 SYSTEMPATH\View\View.php(226): include('C:\\xampp\\htdocs\\gis-flora-fauna\\app\\Views\\template\\index.php')
 7 SYSTEMPATH\View\View.php(229): CodeIgniter\View\View->CodeIgniter\View\{closure}()
 8 SYSTEMPATH\View\View.php(242): CodeIgniter\View\View->render('template/index', [], true)
 9 SYSTEMPATH\Common.php(1188): CodeIgniter\View\View->render('v_dashboard', [], true)
10 APPPATH\Controllers\Home.php(12): view('v_dashboard', [...])
11 SYSTEMPATH\CodeIgniter.php(919): App\Controllers\Home->index()
12 SYSTEMPATH\CodeIgniter.php(494): CodeIgniter\CodeIgniter->runController(Object(App\Controllers\Home))
13 SYSTEMPATH\CodeIgniter.php(353): CodeIgniter\CodeIgniter->handleRequest(null, Object(Config\Cache), false)
14 FCPATH\index.php(79): CodeIgniter\CodeIgniter->run()
CRITICAL - 2023-11-18 11:55:21 --> Undefined variable $menu
in APPPATH\Views\template\sidebar.php on line 27.
 1 APPPATH\Views\template\sidebar.php(27): CodeIgniter\Debug\Exceptions->errorHandler(2, 'Undefined variable $menu', 'C:\\xampp\\htdocs\\gis-flora-fauna\\app\\Views\\template\\sidebar.php', 27)
 2 SYSTEMPATH\View\View.php(226): include('C:\\xampp\\htdocs\\gis-flora-fauna\\app\\Views\\template\\sidebar.php')
 3 SYSTEMPATH\View\View.php(229): CodeIgniter\View\View->CodeIgniter\View\{closure}()
 4 SYSTEMPATH\View\View.php(467): CodeIgniter\View\View->render('template/sidebar', null, true)
 5 APPPATH\Views\template\index.php(58): CodeIgniter\View\View->include('template/sidebar')
 6 SYSTEMPATH\View\View.php(226): include('C:\\xampp\\htdocs\\gis-flora-fauna\\app\\Views\\template\\index.php')
 7 SYSTEMPATH\View\View.php(229): CodeIgniter\View\View->CodeIgniter\View\{closure}()
 8 SYSTEMPATH\View\View.php(242): CodeIgniter\View\View->render('template/index', [], true)
 9 SYSTEMPATH\Common.php(1188): CodeIgniter\View\View->render('v_dashboard', [], true)
10 APPPATH\Controllers\Home.php(12): view('v_dashboard', [...])
11 SYSTEMPATH\CodeIgniter.php(919): App\Controllers\Home->index()
12 SYSTEMPATH\CodeIgniter.php(494): CodeIgniter\CodeIgniter->runController(Object(App\Controllers\Home))
13 SYSTEMPATH\CodeIgniter.php(353): CodeIgniter\CodeIgniter->handleRequest(null, Object(Config\Cache), false)
14 FCPATH\index.php(79): CodeIgniter\CodeIgniter->run()
CRITICAL - 2023-11-18 11:55:49 --> Undefined variable $menu
in APPPATH\Views\template\sidebar.php on line 27.
 1 APPPATH\Views\template\sidebar.php(27): CodeIgniter\Debug\Exceptions->errorHandler(2, 'Undefined variable $menu', 'C:\\xampp\\htdocs\\gis-flora-fauna\\app\\Views\\template\\sidebar.php', 27)
 2 SYSTEMPATH\View\View.php(226): include('C:\\xampp\\htdocs\\gis-flora-fauna\\app\\Views\\template\\sidebar.php')
 3 SYSTEMPATH\View\View.php(229): CodeIgniter\View\View->CodeIgniter\View\{closure}()
 4 SYSTEMPATH\View\View.php(467): CodeIgniter\View\View->render('template/sidebar', null, true)
 5 APPPATH\Views\template\index.php(58): CodeIgniter\View\View->include('template/sidebar')
 6 SYSTEMPATH\View\View.php(226): include('C:\\xampp\\htdocs\\gis-flora-fauna\\app\\Views\\template\\index.php')
 7 SYSTEMPATH\View\View.php(229): CodeIgniter\View\View->CodeIgniter\View\{closure}()
 8 SYSTEMPATH\View\View.php(242): CodeIgniter\View\View->render('template/index', [], true)
 9 SYSTEMPATH\Common.php(1188): CodeIgniter\View\View->render('v_dashboard', [], true)
10 APPPATH\Controllers\Home.php(12): view('v_dashboard', [...])
11 SYSTEMPATH\CodeIgniter.php(919): App\Controllers\Home->index()
12 SYSTEMPATH\CodeIgniter.php(494): CodeIgniter\CodeIgniter->runController(Object(App\Controllers\Home))
13 SYSTEMPATH\CodeIgniter.php(353): CodeIgniter\CodeIgniter->handleRequest(null, Object(Config\Cache), false)
14 FCPATH\index.php(79): CodeIgniter\CodeIgniter->run()
CRITICAL - 2023-11-18 11:55:58 --> Undefined variable $menu
in APPPATH\Views\template\sidebar.php on line 27.
 1 APPPATH\Views\template\sidebar.php(27): CodeIgniter\Debug\Exceptions->errorHandler(2, 'Undefined variable $menu', 'C:\\xampp\\htdocs\\gis-flora-fauna\\app\\Views\\template\\sidebar.php', 27)
 2 SYSTEMPATH\View\View.php(226): include('C:\\xampp\\htdocs\\gis-flora-fauna\\app\\Views\\template\\sidebar.php')
 3 SYSTEMPATH\View\View.php(229): CodeIgniter\View\View->CodeIgniter\View\{closure}()
 4 SYSTEMPATH\View\View.php(467): CodeIgniter\View\View->render('template/sidebar', null, true)
 5 APPPATH\Views\template\index.php(58): CodeIgniter\View\View->include('template/sidebar')
 6 SYSTEMPATH\View\View.php(226): include('C:\\xampp\\htdocs\\gis-flora-fauna\\app\\Views\\template\\index.php')
 7 SYSTEMPATH\View\View.php(229): CodeIgniter\View\View->CodeIgniter\View\{closure}()
 8 SYSTEMPATH\View\View.php(242): CodeIgniter\View\View->render('template/index', [], true)
 9 SYSTEMPATH\Common.php(1188): CodeIgniter\View\View->render('v_dashboard', [], true)
10 APPPATH\Controllers\Home.php(12): view('v_dashboard', [...])
11 SYSTEMPATH\CodeIgniter.php(919): App\Controllers\Home->index()
12 SYSTEMPATH\CodeIgniter.php(494): CodeIgniter\CodeIgniter->runController(Object(App\Controllers\Home))
13 SYSTEMPATH\CodeIgniter.php(353): CodeIgniter\CodeIgniter->handleRequest(null, Object(Config\Cache), false)
14 FCPATH\index.php(79): CodeIgniter\CodeIgniter->run()
CRITICAL - 2023-11-18 15:41:20 --> Undefined variable $title_content
in APPPATH\Views\v_login.php on line 10.
 1 APPPATH\Views\v_login.php(10): CodeIgniter\Debug\Exceptions->errorHandler(2, 'Undefined variable $title_content', 'C:\\xampp\\htdocs\\gis-flora-fauna\\app\\Views\\v_login.php', 10)
 2 SYSTEMPATH\View\View.php(226): include('C:\\xampp\\htdocs\\gis-flora-fauna\\app\\Views\\v_login.php')
 3 SYSTEMPATH\View\View.php(229): CodeIgniter\View\View->CodeIgniter\View\{closure}()
 4 SYSTEMPATH\Common.php(1188): CodeIgniter\View\View->render('v_login', [], true)
 5 APPPATH\Controllers\Auth.php(9): view('v_login')
 6 SYSTEMPATH\CodeIgniter.php(919): App\Controllers\Auth->index()
 7 SYSTEMPATH\CodeIgniter.php(494): CodeIgniter\CodeIgniter->runController(Object(App\Controllers\Auth))
 8 SYSTEMPATH\CodeIgniter.php(353): CodeIgniter\CodeIgniter->handleRequest(null, Object(Config\Cache), false)
 9 FCPATH\index.php(79): CodeIgniter\CodeIgniter->run()
CRITICAL - 2023-11-18 15:41:48 --> Undefined variable $title_content
in APPPATH\Views\v_login.php on line 10.
 1 APPPATH\Views\v_login.php(10): CodeIgniter\Debug\Exceptions->errorHandler(2, 'Undefined variable $title_content', 'C:\\xampp\\htdocs\\gis-flora-fauna\\app\\Views\\v_login.php', 10)
 2 SYSTEMPATH\View\View.php(226): include('C:\\xampp\\htdocs\\gis-flora-fauna\\app\\Views\\v_login.php')
 3 SYSTEMPATH\View\View.php(229): CodeIgniter\View\View->CodeIgniter\View\{closure}()
 4 SYSTEMPATH\Common.php(1188): CodeIgniter\View\View->render('v_login', [], true)
 5 APPPATH\Controllers\Auth.php(9): view('v_login')
 6 SYSTEMPATH\CodeIgniter.php(919): App\Controllers\Auth->index()
 7 SYSTEMPATH\CodeIgniter.php(494): CodeIgniter\CodeIgniter->runController(Object(App\Controllers\Auth))
 8 SYSTEMPATH\CodeIgniter.php(353): CodeIgniter\CodeIgniter->handleRequest(null, Object(Config\Cache), false)
 9 FCPATH\index.php(79): CodeIgniter\CodeIgniter->run()
INFO - 2023-11-18 16:15:06 --> Session: Class initialized using 'CodeIgniter\Session\Handlers\FileHandler' driver.
CRITICAL - 2023-11-18 16:15:06 --> Call to undefined function form_open_multipart()
in APPPATH\Views\v_kawasan_konservasi.php on line 41.
 1 SYSTEMPATH\View\View.php(226): include()
 2 SYSTEMPATH\View\View.php(229): CodeIgniter\View\View->CodeIgniter\View\{closure}()
 3 SYSTEMPATH\Common.php(1188): CodeIgniter\View\View->render('v_kawasan_konservasi', [], true)
 4 APPPATH\Controllers\Kawasan_Konservasi.php(12): view('v_kawasan_konservasi', [...])
 5 SYSTEMPATH\CodeIgniter.php(919): App\Controllers\Kawasan_Konservasi->index()
 6 SYSTEMPATH\CodeIgniter.php(494): CodeIgniter\CodeIgniter->runController(Object(App\Controllers\Kawasan_Konservasi))
 7 SYSTEMPATH\CodeIgniter.php(353): CodeIgniter\CodeIgniter->handleRequest(null, Object(Config\Cache), false)
 8 FCPATH\index.php(79): CodeIgniter\CodeIgniter->run()
